<?xml version="1.0" encoding="UTF-8"?>
<coverage generated="1631974023281" clover="3.2.0">
  <project timestamp="1631974023281" name="All files">
    <metrics statements="29" coveredstatements="15" conditionals="2" coveredconditionals="0" methods="14" coveredmethods="2" elements="45" coveredelements="17" complexity="0" loc="29" ncloc="29" packages="2" files="3" classes="3"/>
    <package name="rn-complete-guide">
      <metrics statements="17" coveredstatements="7" conditionals="2" coveredconditionals="0" methods="10" coveredmethods="1"/>
      <file name="App.js" path="/home/nikhit/Works/React-Native/rn-complete-guide/App.js">
        <metrics statements="17" coveredstatements="7" conditionals="2" coveredconditionals="0" methods="10" coveredmethods="1"/>
        <line num="13" count="3" type="stmt"/>
        <line num="14" count="3" type="stmt"/>
        <line num="16" count="3" type="stmt"/>
        <line num="17" count="0" type="cond" truecount="0" falsecount="2"/>
        <line num="19" count="0" type="stmt"/>
        <line num="21" count="0" type="stmt"/>
        <line num="25" count="0" type="stmt"/>
        <line num="28" count="3" type="stmt"/>
        <line num="29" count="0" type="stmt"/>
        <line num="30" count="0" type="stmt"/>
        <line num="33" count="3" type="stmt"/>
        <line num="34" count="0" type="stmt"/>
        <line num="36" count="3" type="stmt"/>
        <line num="38" count="0" type="stmt"/>
        <line num="41" count="0" type="stmt"/>
        <line num="44" count="0" type="stmt"/>
        <line num="55" count="1" type="stmt"/>
      </file>
    </package>
    <package name="rn-complete-guide.components">
      <metrics statements="12" coveredstatements="8" conditionals="0" coveredconditionals="0" methods="4" coveredmethods="1"/>
      <file name="GoalInput.js" path="/home/nikhit/Works/React-Native/rn-complete-guide/components/GoalInput.js">
        <metrics statements="9" coveredstatements="6" conditionals="0" coveredconditionals="0" methods="3" coveredmethods="1"/>
        <line num="4" count="1" type="stmt"/>
        <line num="5" count="3" type="stmt"/>
        <line num="7" count="3" type="stmt"/>
        <line num="8" count="0" type="stmt"/>
        <line num="10" count="3" type="stmt"/>
        <line num="11" count="0" type="stmt"/>
        <line num="12" count="0" type="stmt"/>
        <line num="14" count="3" type="stmt"/>
        <line num="36" count="1" type="stmt"/>
      </file>
      <file name="GoalItem.js" path="/home/nikhit/Works/React-Native/rn-complete-guide/components/GoalItem.js">
        <metrics statements="3" coveredstatements="2" conditionals="0" coveredconditionals="0" methods="1" coveredmethods="0"/>
        <line num="4" count="1" type="stmt"/>
        <line num="5" count="0" type="stmt"/>
        <line num="14" count="1" type="stmt"/>
      </file>
    </package>
  </project>
</coverage>
